# JRE version: Java(TM) SE Runtime Environment (17.0.10+11) (build 17.0.10+11-LTS-240)
# Java VM: Java HotSpot(TM) 64-Bit Server VM (17.0.10+11-LTS-240, mixed mode, emulated-client, sharing, tiered, compressed oops, compressed class ptrs, g1 gc, windows-amd64)
GC Precious Log:
 CPUs: 2 total, 2 available
 Memory: 2008M
 Large Page Support: Disabled
 NUMA Support: Disabled
 Compressed Oops: Enabled (32-bit)
 Heap Region Size: 1M
 Heap Min Capacity: 8M
 Heap Initial Capacity: 32M
 Heap Max Capacity: 504M
 Pre-touch: Disabled
 Parallel Workers: 2
 Concurrent Workers: 1
 Concurrent Refinement Workers: 2
 Periodic GC: Disabled
Heap:
 garbage-first heap   total 86016K, used 31455K [0x00000000e0800000, 0x0000000100000000)
  region size 1024K, 1 young (1024K), 1 survivors (1024K)
 Metaspace       used 71548K, committed 72192K, reserved 1114112K
  class space    used 10128K, committed 10432K, reserved 1048576K
GC Heap History (20 events):
Event: 7921.245 GC heap after
{Heap after GC invocations=104 (full 5):
 garbage-first heap   total 89088K, used 30544K [0x00000000e0800000, 0x0000000100000000)
  region size 1024K, 5 young (5120K), 5 survivors (5120K)
 Metaspace       used 71094K, committed 71872K, reserved 1114112K
  class space    used 10086K, committed 10432K, reserved 1048576K
}
Event: 7921.508 GC heap before
{Heap before GC invocations=104 (full 5):
 garbage-first heap   total 89088K, used 31568K [0x00000000e0800000, 0x0000000100000000)
  region size 1024K, 6 young (6144K), 5 survivors (5120K)
 Metaspace       used 71102K, committed 71872K, reserved 1114112K
  class space    used 10087K, committed 10432K, reserved 1048576K
}
Event: 7924.121 GC heap after
{Heap after GC invocations=105 (full 5):
 garbage-first heap   total 89088K, used 31266K [0x00000000e0800000, 0x0000000100000000)
  region size 1024K, 1 young (1024K), 1 survivors (1024K)
 Metaspace       used 71102K, committed 71872K, reserved 1114112K
  class space    used 10087K, committed 10432K, reserved 1048576K
}
Event: 7945.467 GC heap before
{Heap before GC invocations=106 (full 5):
 garbage-first heap   total 89088K, used 35362K [0x00000000e0800000, 0x0000000100000000)
  region size 1024K, 5 young (5120K), 1 survivors (1024K)
 Metaspace       used 71113K, committed 71872K, reserved 1114112K
  class space    used 10086K, committed 10432K, reserved 1048576K
}
Event: 7945.517 GC heap after
{Heap after GC invocations=107 (full 5):
 garbage-first heap   total 89088K, used 31283K [0x00000000e0800000, 0x0000000100000000)
  region size 1024K, 1 young (1024K), 1 survivors (1024K)
 Metaspace       used 71113K, committed 71872K, reserved 1114112K
  class space    used 10086K, committed 10432K, reserved 1048576K
}
Event: 7946.516 GC heap before
{Heap before GC invocations=107 (full 5):
 garbage-first heap   total 89088K, used 43571K [0x00000000e0800000, 0x0000000100000000)
  region size 1024K, 13 young (13312K), 1 survivors (1024K)
 Metaspace       used 71230K, committed 71872K, reserved 1114112K
  class space    used 10092K, committed 10432K, reserved 1048576K
}
Event: 7946.541 GC heap after
{Heap after GC invocations=108 (full 5):
 garbage-first heap   total 89088K, used 32637K [0x00000000e0800000, 0x0000000100000000)
  region size 1024K, 2 young (2048K), 2 survivors (2048K)
 Metaspace       used 71230K, committed 71872K, reserved 1114112K
  class space    used 10092K, committed 10432K, reserved 1048576K
}
Event: 7946.683 GC heap before
{Heap before GC invocations=108 (full 5):
 garbage-first heap   total 89088K, used 34685K [0x00000000e0800000, 0x0000000100000000)
  region size 1024K, 4 young (4096K), 2 survivors (2048K)
 Metaspace       used 71230K, committed 71872K, reserved 1114112K
  class space    used 10092K, committed 10432K, reserved 1048576K
}
Event: 7946.782 GC heap after
{Heap after GC invocations=109 (full 5):
 garbage-first heap   total 89088K, used 33130K [0x00000000e0800000, 0x0000000100000000)
  region size 1024K, 1 young (1024K), 1 survivors (1024K)
 Metaspace       used 71230K, committed 71872K, reserved 1114112K
  class space    used 10092K, committed 10432K, reserved 1048576K
}
Event: 7950.690 GC heap before
{Heap before GC invocations=109 (full 5):
 garbage-first heap   total 89088K, used 43370K [0x00000000e0800000, 0x0000000100000000)
  region size 1024K, 12 young (12288K), 1 survivors (1024K)
 Metaspace       used 71233K, committed 71872K, reserved 1114112K
  class space    used 10092K, committed 10432K, reserved 1048576K
}
Event: 7951.467 GC heap after
{Heap after GC invocations=110 (full 6):
 garbage-first heap   total 86016K, used 25070K [0x00000000e0800000, 0x0000000100000000)
  region size 1024K, 0 young (0K), 0 survivors (0K)
 Metaspace       used 71214K, committed 71872K, reserved 1114112K
  class space    used 10089K, committed 10432K, reserved 1048576K
}
Event: 7953.154 GC heap before
{Heap before GC invocations=110 (full 6):
 garbage-first heap   total 86016K, used 45550K [0x00000000e0800000, 0x0000000100000000)
  region size 1024K, 20 young (20480K), 0 survivors (0K)
 Metaspace       used 71322K, committed 72000K, reserved 1114112K
  class space    used 10109K, committed 10432K, reserved 1048576K
}
Event: 7953.195 GC heap after
{Heap after GC invocations=111 (full 6):
 garbage-first heap   total 86016K, used 27380K [0x00000000e0800000, 0x0000000100000000)
  region size 1024K, 3 young (3072K), 3 survivors (3072K)
 Metaspace       used 71322K, committed 72000K, reserved 1114112K
  class space    used 10109K, committed 10432K, reserved 1048576K
}
Event: 7954.437 GC heap before
{Heap before GC invocations=111 (full 6):
 garbage-first heap   total 86016K, used 49908K [0x00000000e0800000, 0x0000000100000000)
  region size 1024K, 25 young (25600K), 3 survivors (3072K)
 Metaspace       used 71367K, committed 72000K, reserved 1114112K
  class space    used 10115K, committed 10432K, reserved 1048576K
}
Event: 7954.460 GC heap after
{Heap after GC invocations=112 (full 6):
 garbage-first heap   total 86016K, used 28732K [0x00000000e0800000, 0x0000000100000000)
  region size 1024K, 2 young (2048K), 2 survivors (2048K)
 Metaspace       used 71367K, committed 72000K, reserved 1114112K
  class space    used 10115K, committed 10432K, reserved 1048576K
}
Event: 7957.157 GC heap before
{Heap before GC invocations=112 (full 6):
 garbage-first heap   total 86016K, used 48188K [0x00000000e0800000, 0x0000000100000000)
  region size 1024K, 21 young (21504K), 2 survivors (2048K)
 Metaspace       used 71518K, committed 72128K, reserved 1114112K
  class space    used 10126K, committed 10432K, reserved 1048576K
}
Event: 7957.175 GC heap after
{Heap after GC invocations=113 (full 6):
 garbage-first heap   total 86016K, used 30487K [0x00000000e0800000, 0x0000000100000000)
  region size 1024K, 2 young (2048K), 2 survivors (2048K)
 Metaspace       used 71518K, committed 72128K, reserved 1114112K
  class space    used 10126K, committed 10432K, reserved 1048576K
}
Event: 8096.747 GC heap before
{Heap before GC invocations=113 (full 6):
 garbage-first heap   total 86016K, used 57111K [0x00000000e0800000, 0x0000000100000000)
  region size 1024K, 28 young (28672K), 2 survivors (2048K)
 Metaspace       used 71548K, committed 72192K, reserved 1114112K
  class space    used 10128K, committed 10432K, reserved 1048576K
}
Event: 8109.524 GC heap after
{Heap after GC invocations=114 (full 6):
 garbage-first heap   total 86016K, used 31274K [0x00000000e0800000, 0x0000000100000000)
  region size 1024K, 3 young (3072K), 3 survivors (3072K)
 Metaspace       used 71548K, committed 72192K, reserved 1114112K
  class space    used 10128K, committed 10432K, reserved 1048576K
}
Event: 8126.804 GC heap before
{Heap before GC invocations=114 (full 6):
 garbage-first heap   total 86016K, used 32298K [0x00000000e0800000, 0x0000000100000000)
  region size 1024K, 4 young (4096K), 3 survivors (3072K)
 Metaspace       used 71548K, committed 72192K, reserved 1114112K
  class space    used 10128K, committed 10432K, reserved 1048576K
}

